This file contains any messages produced by compilers while
running configure, to aid debugging if configure makes a mistake.

It was created by opentf configure 0.6.0, which was
generated by GNU Autoconf 2.61.  Invocation command line was

  $ ./configure --prefix=/usr --disable-keyring

## --------- ##
## Platform. ##
## --------- ##

hostname = gandalf
uname -m = i686
uname -r = 2.6.22-14-386
uname -s = Linux
uname -v = #1 Tue Dec 18 07:34:24 UTC 2007

/usr/bin/uname -p = unknown
/bin/uname -X     = unknown

/bin/arch              = unknown
/usr/bin/arch -k       = unknown
/usr/convex/getsysinfo = unknown
/usr/bin/hostinfo      = unknown
/bin/machine           = unknown
/usr/bin/oslevel       = unknown
/bin/universe          = unknown

PATH: /usr/local/sbin
PATH: /usr/local/bin
PATH: /usr/sbin
PATH: /usr/bin
PATH: /sbin
PATH: /bin
PATH: /usr/X11R6/bin/


## ----------- ##
## Core tests. ##
## ----------- ##

configure:1709: checking for pkg-config
configure:1727: found /usr/bin/pkg-config
configure:1739: result: /usr/bin/pkg-config
configure:1768: checking pkg-config is at least version 0.9.0
configure:1771: result: yes
configure:1786: $PKG_CONFIG --exists --print-errors "gtk-sharp-2.0"
configure:1789: $? = 0
configure:1804: $PKG_CONFIG --exists --print-errors "monodevelop"
configure:1807: $? = 0
configure:1820: checking for asciidoc
configure:1836: found /usr/bin/asciidoc
configure:1847: result: yes
configure:1857: checking for xmlto
configure:1873: found /usr/bin/xmlto
configure:1884: result: yes
configure:2014: checking for gcc
configure:2041: result: cc
configure:2279: checking for C compiler version
configure:2286: cc --version >&5
cc (GCC) 4.1.3 20070929 (prerelease) (Ubuntu 4.1.2-16ubuntu2)
Copyright (C) 2006 Free Software Foundation, Inc.
This is free software; see the source for copying conditions.  There is NO
warranty; not even for MERCHANTABILITY or FITNESS FOR A PARTICULAR PURPOSE.

configure:2289: $? = 0
configure:2296: cc -v >&5
Using built-in specs.
Target: i486-linux-gnu
Configured with: ../src/configure -v --enable-languages=c,c++,fortran,objc,obj-c++,treelang --prefix=/usr --enable-shared --with-system-zlib --libexecdir=/usr/lib --without-included-gettext --enable-threads=posix --enable-nls --with-gxx-include-dir=/usr/include/c++/4.1.3 --program-suffix=-4.1 --enable-__cxa_atexit --enable-clocale=gnu --enable-libstdcxx-debug --enable-mpfr --enable-checking=release i486-linux-gnu
Thread model: posix
gcc version 4.1.3 20070929 (prerelease) (Ubuntu 4.1.2-16ubuntu2)
configure:2299: $? = 0
configure:2306: cc -V >&5
cc: '-V' option must have argument
configure:2309: $? = 1
configure:2332: checking for C compiler default output file name
configure:2359: cc -g -Wall -O2   conftest.c  >&5
configure:2362: $? = 0
configure:2400: result: a.out
configure:2417: checking whether the C compiler works
configure:2427: ./a.out
configure:2430: $? = 0
configure:2447: result: yes
configure:2454: checking whether we are cross compiling
configure:2456: result: no
configure:2459: checking for suffix of executables
configure:2466: cc -o conftest -g -Wall -O2   conftest.c  >&5
configure:2469: $? = 0
configure:2493: result: 
configure:2499: checking for suffix of object files
configure:2525: cc -c -g -Wall -O2  conftest.c >&5
configure:2528: $? = 0
configure:2551: result: o
configure:2555: checking whether we are using the GNU C compiler
configure:2584: cc -c -g -Wall -O2  conftest.c >&5
configure:2590: $? = 0
configure:2607: result: yes
configure:2612: checking whether cc accepts -g
configure:2642: cc -c -g  conftest.c >&5
configure:2648: $? = 0
configure:2747: result: yes
configure:2764: checking for cc option to accept ISO C89
configure:2838: cc  -c -g -Wall -O2  conftest.c >&5
configure:2844: $? = 0
configure:2867: result: none needed
configure:2886: checking for magic_open in -lmagic
configure:2921: cc -o conftest -g -Wall -O2   conftest.c -lmagic   >&5
configure:2927: $? = 0
configure:2945: result: yes
configure:3119: creating ./config.status

## ---------------------- ##
## Running config.status. ##
## ---------------------- ##

This file was extended by opentf config.status 0.6.0, which was
generated by GNU Autoconf 2.61.  Invocation command line was

  CONFIG_FILES    = 
  CONFIG_HEADERS  = 
  CONFIG_LINKS    = 
  CONFIG_COMMANDS = 
  $ ./config.status 

on gandalf

config.status:576: creating tools/opentf/tf.sh
config.status:576: creating tools/wit/wit.sh
config.status:576: creating tfs.spec

## ---------------- ##
## Cache variables. ##
## ---------------- ##

ac_cv_c_compiler_gnu=yes
ac_cv_env_CC_set=set
ac_cv_env_CC_value=cc
ac_cv_env_CFLAGS_set=set
ac_cv_env_CFLAGS_value='-g -Wall -O2'
ac_cv_env_CPPFLAGS_set=
ac_cv_env_CPPFLAGS_value=
ac_cv_env_LDFLAGS_set=
ac_cv_env_LDFLAGS_value=
ac_cv_env_LIBS_set=
ac_cv_env_LIBS_value=
ac_cv_env_PKG_CONFIG_set=
ac_cv_env_PKG_CONFIG_value=
ac_cv_env_build_alias_set=
ac_cv_env_build_alias_value=
ac_cv_env_host_alias_set=
ac_cv_env_host_alias_value=
ac_cv_env_target_alias_set=
ac_cv_env_target_alias_value=
ac_cv_lib_magic_magic_open=yes
ac_cv_objext=o
ac_cv_path_ac_pt_PKG_CONFIG=/usr/bin/pkg-config
ac_cv_prog_ASCIIDOC=yes
ac_cv_prog_XMLTO=yes
ac_cv_prog_ac_ct_CC=cc
ac_cv_prog_cc_c89=
ac_cv_prog_cc_g=yes

## ----------------- ##
## Output variables. ##
## ----------------- ##

ASCIIDOC='yes'
CC='cc'
CFLAGS='-g -Wall -O2'
CPPFLAGS=''
DEFS='-DPACKAGE_NAME=\"opentf\" -DPACKAGE_TARNAME=\"opentf\" -DPACKAGE_VERSION=\"0.6.0\" -DPACKAGE_STRING=\"opentf\ 0.6.0\" -DPACKAGE_BUGREPORT=\"\"'
ECHO_C=''
ECHO_N='-n'
ECHO_T=''
EXEEXT=''
LDFLAGS=''
LIBOBJS=''
LIBS=''
LTLIBOBJS=''
OBJEXT='o'
PACKAGE_BUGREPORT=''
PACKAGE_NAME='opentf'
PACKAGE_STRING='opentf 0.6.0'
PACKAGE_TARNAME='opentf'
PACKAGE_VERSION='0.6.0'
PATH_SEPARATOR=':'
PKG_CONFIG='/usr/bin/pkg-config'
SHELL='/bin/bash'
XMLTO='yes'
ac_ct_CC='cc'
bindir='${exec_prefix}/bin'
build_alias=''
datadir='${datarootdir}'
datarootdir='${prefix}/share'
docdir='${datarootdir}/doc/${PACKAGE_TARNAME}'
dvidir='${docdir}'
exec_prefix='${prefix}'
host_alias=''
htmldir='${docdir}'
includedir='${prefix}/include'
infodir='${datarootdir}/info'
libdir='${exec_prefix}/lib'
libexecdir='${exec_prefix}/libexec'
localedir='${datarootdir}/locale'
localstatedir='${prefix}/var'
mandir='${datarootdir}/man'
oldincludedir='/usr/include'
pdfdir='${docdir}'
prefix='/usr'
program_transform_name='s,x,x,'
psdir='${docdir}'
sbindir='${exec_prefix}/sbin'
sharedstatedir='${prefix}/com'
sysconfdir='${prefix}/etc'
target_alias=''

## ----------- ##
## confdefs.h. ##
## ----------- ##

#define PACKAGE_NAME "opentf"
#define PACKAGE_TARNAME "opentf"
#define PACKAGE_VERSION "0.6.0"
#define PACKAGE_STRING "opentf 0.6.0"
#define PACKAGE_BUGREPORT ""

configure: exit 0
